2024-05-19 18:01:16,518 - logs_config - WARNING - Access attempt without login
2024-05-19 18:01:19,187 - logs_config - WARNING - Empty login submission
2024-05-19 18:02:12,450 - logs_config - WARNING - Access attempt without login
2024-05-19 18:02:18,325 - logs_config - WARNING - Empty login submission
2024-05-19 18:02:44,128 - logs_config - INFO - /login
2024-05-19 18:02:47,643 - logs_config - INFO - /login
2024-05-19 18:02:47,644 - logs_config - WARNING - Empty login submission
2024-05-19 18:02:47,648 - logs_config - INFO - /login
2024-05-19 19:15:01,685 - logs_config - WARNING - Access attempt without login
2024-05-19 19:15:01,706 - logs_config - INFO - /login
2024-05-19 19:15:15,604 - logs_config - INFO - /login
2024-05-19 19:16:20,216 - logs_config - INFO - /login
2024-05-19 19:16:23,479 - logs_config - WARNING - Access attempt without login
2024-05-19 19:16:23,483 - logs_config - INFO - /login
2024-05-19 19:17:40,747 - logs_config - ERROR - Failed to register user: john, Error: (psycopg2.OperationalError) could not translate host name "postgres-application" to address: Temporary failure in name resolution

(Background on this error at: https://sqlalche.me/e/20/e3q8)
2024-05-19 19:30:24,479 - logs_config - WARNING - Access attempt without login
2024-05-19 19:30:24,479 - logs_config - WARNING - Access attempt without login
2024-05-19 19:30:24,511 - logs_config - INFO - /login
2024-05-19 19:30:24,511 - logs_config - INFO - /login
2024-05-19 19:30:31,571 - logs_config - INFO - /login
2024-05-19 19:30:31,571 - logs_config - INFO - /login
2024-05-19 19:32:10,176 - logs_config - ERROR - Database not connected: (psycopg2.OperationalError) could not translate host name "postgres-application" to address: Temporary failure in name resolution

(Background on this error at: https://sqlalche.me/e/20/e3q8)
2024-05-19 19:32:10,176 - logs_config - ERROR - Database not connected: (psycopg2.OperationalError) could not translate host name "postgres-application" to address: Temporary failure in name resolution

(Background on this error at: https://sqlalche.me/e/20/e3q8)
2024-05-19 19:34:08,939 - logs_config - ERROR - Database not connected: (psycopg2.OperationalError) could not translate host name "postgres-application" to address: Temporary failure in name resolution

(Background on this error at: https://sqlalche.me/e/20/e3q8)
2024-05-19 19:34:08,939 - logs_config - ERROR - Database not connected: (psycopg2.OperationalError) could not translate host name "postgres-application" to address: Temporary failure in name resolution

(Background on this error at: https://sqlalche.me/e/20/e3q8)
2024-05-19 19:35:50,708 - logs_config - ERROR - Database not connected: (psycopg2.OperationalError) could not translate host name "postgres-application" to address: Temporary failure in name resolution

(Background on this error at: https://sqlalche.me/e/20/e3q8)
2024-05-19 19:35:50,708 - logs_config - ERROR - Database not connected: (psycopg2.OperationalError) could not translate host name "postgres-application" to address: Temporary failure in name resolution

(Background on this error at: https://sqlalche.me/e/20/e3q8)
